Arguments: 
  /usr/local/Cellar/node/9.8.0/bin/node /usr/local/Cellar/yarn/1.5.1_1/libexec/bin/yarn.js install -g create-react-native-app

PATH: 
  /usr/local/bin:/usr/bin:/bin:/usr/sbin:/sbin

Yarn version: 
  1.5.1

Node version: 
  9.8.0

Platform: 
  darwin x64

npm manifest: 
  No manifest

yarn manifest: 
  No manifest

Lockfile: 
  No lockfile

Trace: 
  Error: `--global` has been deprecated. Please run "yarn global add create-react-native-app" instead.
      at new MessageError (/usr/local/Cellar/yarn/1.5.1_1/libexec/lib/cli.js:186:110)
      at Object.<anonymous> (/usr/local/Cellar/yarn/1.5.1_1/libexec/lib/cli.js:21987:13)
      at Generator.next (<anonymous>)
      at step (/usr/local/Cellar/yarn/1.5.1_1/libexec/lib/cli.js:98:30)
      at /usr/local/Cellar/yarn/1.5.1_1/libexec/lib/cli.js:109:13
      at <anonymous>
